24-Jan-2011 14:10:53 org.apache.catalina.core.ApplicationContext log
INFO: ContextListener: contextInitialized()
24-Jan-2011 14:10:53 org.apache.catalina.core.ApplicationContext log
INFO: SessionListener: contextInitialized()
24-Jan-2011 14:13:45 org.apache.catalina.core.ApplicationContext log
INFO: SessionListener: contextDestroyed()
24-Jan-2011 14:13:45 org.apache.catalina.core.ApplicationContext log
INFO: ContextListener: contextDestroyed()
24-Jan-2011 14:15:12 org.apache.catalina.core.ApplicationContext log
INFO: ContextListener: contextInitialized()
24-Jan-2011 14:15:12 org.apache.catalina.core.ApplicationContext log
INFO: SessionListener: contextInitialized()
24-Jan-2011 14:17:34 org.apache.catalina.core.ApplicationContext log
INFO: SessionListener: contextDestroyed()
24-Jan-2011 14:17:34 org.apache.catalina.core.ApplicationContext log
INFO: ContextListener: contextDestroyed()
24-Jan-2011 14:17:47 org.apache.catalina.core.ApplicationContext log
INFO: ContextListener: contextInitialized()
24-Jan-2011 14:17:47 org.apache.catalina.core.ApplicationContext log
INFO: SessionListener: contextInitialized()
24-Jan-2011 14:20:26 org.apache.catalina.core.ApplicationContext log
INFO: SessionListener: contextDestroyed()
24-Jan-2011 14:20:26 org.apache.catalina.core.ApplicationContext log
INFO: ContextListener: contextDestroyed()
